<?xml version="1.0" encoding="UTF-8"?>
<!-- Generated by org.testng.reporters.JUnitXMLReporter -->
<testsuite ignored="0" hostname="DeeshaST123" failures="0" tests="5" name="Default test" time="1.878" errors="0" timestamp="2023-07-04T11:16:02 IST">
  <testcase classname="TestCases.TC_videoGameAPI" name="test_getAllVideoGames" time="1.038"/>
  <testcase classname="TestCases.TC_videoGameAPI" name="test_addNewVideoGame" time="0.269"/>
  <testcase classname="TestCases.TC_videoGameAPI" name="test_getVideoGame" time="0.488"/>
  <testcase classname="TestCases.TC_videoGameAPI" name="test_updateVideoGame" time="0.043"/>
  <testcase classname="TestCases.TC_videoGameAPI" name="test_deleteVideoGame" time="0.012"/>
</testsuite> <!-- Default test -->
