<?xml version="1.0" encoding="UTF-8"?>
<!-- Generated by org.testng.reporters.JUnitXMLReporter -->
<testsuite ignored="0" hostname="DeeshaST123" failures="0" tests="5" name="Test" time="2.067" errors="0" timestamp="2023-07-04T11:39:57 IST">
  <testcase classname="TestCases.TC_videoGameAPI" name="test_getAllVideoGames" time="1.131"/>
  <testcase classname="TestCases.TC_videoGameAPI" name="test_addNewVideoGame" time="0.387"/>
  <testcase classname="TestCases.TC_videoGameAPI" name="test_getVideoGame" time="0.456"/>
  <testcase classname="TestCases.TC_videoGameAPI" name="test_updateVideoGame" time="0.045"/>
  <testcase classname="TestCases.TC_videoGameAPI" name="test_deleteVideoGame" time="0.014"/>
</testsuite> <!-- Test -->
