<?xml version="1.0" encoding="UTF-8"?>
<!-- Generated by org.testng.reporters.JUnitXMLReporter -->
<testsuite ignored="0" hostname="DeeshaST123" failures="0" tests="5" name="Test" time="2.023" errors="0" timestamp="2023-07-04T12:03:18 IST">
  <testcase classname="TestCases.TC_videoGameAPI" name="test_getAllVideoGames" time="1.063"/>
  <testcase classname="TestCases.TC_videoGameAPI" name="test_addNewVideoGame" time="0.377"/>
  <testcase classname="TestCases.TC_videoGameAPI" name="test_getVideoGame" time="0.47"/>
  <testcase classname="TestCases.TC_videoGameAPI" name="test_updateVideoGame" time="0.058"/>
  <testcase classname="TestCases.TC_videoGameAPI" name="test_deleteVideoGame" time="0.016"/>
</testsuite> <!-- Test -->
