<?xml version="1.0" encoding="UTF-8"?>
<testng-results ignored="0" total="5" passed="5" failed="0" skipped="0">
  <reporter-output>
  </reporter-output>
  <suite started-at="2023-07-04T12:03:16 IST" name="Suite" finished-at="2023-07-04T12:03:18 IST" duration-ms="2023">
    <groups>
    </groups>
    <test started-at="2023-07-04T12:03:16 IST" name="Test" finished-at="2023-07-04T12:03:18 IST" duration-ms="2023">
      <class name="TestCases.TC_videoGameAPI">
        <test-method signature="test_getAllVideoGames()[pri:1, instance:TestCases.TC_videoGameAPI@7e7be63f]" started-at="2023-07-04T12:03:16 IST" name="test_getAllVideoGames" finished-at="2023-07-04T12:03:17 IST" duration-ms="1063" status="PASS">
          <reporter-output>
          </reporter-output>
        </test-method> <!-- test_getAllVideoGames -->
        <test-method signature="test_addNewVideoGame()[pri:2, instance:TestCases.TC_videoGameAPI@7e7be63f]" started-at="2023-07-04T12:03:17 IST" name="test_addNewVideoGame" finished-at="2023-07-04T12:03:18 IST" duration-ms="377" status="PASS">
          <reporter-output>
          </reporter-output>
        </test-method> <!-- test_addNewVideoGame -->
        <test-method signature="test_getVideoGame()[pri:3, instance:TestCases.TC_videoGameAPI@7e7be63f]" started-at="2023-07-04T12:03:18 IST" name="test_getVideoGame" finished-at="2023-07-04T12:03:18 IST" duration-ms="470" status="PASS">
          <reporter-output>
          </reporter-output>
        </test-method> <!-- test_getVideoGame -->
        <test-method signature="test_updateVideoGame()[pri:4, instance:TestCases.TC_videoGameAPI@7e7be63f]" started-at="2023-07-04T12:03:18 IST" name="test_updateVideoGame" finished-at="2023-07-04T12:03:18 IST" duration-ms="58" status="PASS">
          <reporter-output>
          </reporter-output>
        </test-method> <!-- test_updateVideoGame -->
        <test-method signature="test_deleteVideoGame()[pri:5, instance:TestCases.TC_videoGameAPI@7e7be63f]" started-at="2023-07-04T12:03:18 IST" name="test_deleteVideoGame" finished-at="2023-07-04T12:03:18 IST" duration-ms="16" status="PASS">
          <reporter-output>
          </reporter-output>
        </test-method> <!-- test_deleteVideoGame -->
      </class> <!-- TestCases.TC_videoGameAPI -->
    </test> <!-- Test -->
  </suite> <!-- Suite -->
</testng-results>
